<?xml version="1.0" encoding="UTF-8"?>
<testsuite xmlns:xsi="http://www.w3.org/2001/XMLSchema-instance" xsi:noNamespaceSchemaLocation="https://maven.apache.org/surefire/maven-surefire-plugin/xsd/surefire-test-report.xsd" version="3.0.2" name="com.example.experiencias.ExperienciasApplicationTests" time="8.254" tests="1" errors="0" skipped="0" failures="0">
  <properties>
[...]
</properties>
  <testcase name="contextLoads" classname="com.example.experiencias.ExperienciasApplicationTests" time="1.824">
    <system-out><![CDATA[20:02:25.116 [main] INFO org.springframework.test.context.support.AnnotationConfigContextLoaderUtils -- Could not detect default configuration classes for test class [com.example.experiencias.ExperienciasApplicationTests]: ExperienciasApplicationTests does not declare any static, non-private, non-final, nested classes annotated with @Configuration.
20:02:25.374 [main] INFO org.springframework.boot.test.context.SpringBootTestContextBootstrapper -- Found @SpringBootConfiguration com.example.experiencias.ExperienciasApplication for test class com.example.experiencias.ExperienciasApplicationTests
20:02:25.788 [main] INFO org.springframework.boot.devtools.restart.RestartApplicationListener -- Restart disabled due to context in which it is running

  .   ____          _            __ _ _
 /\\ / ___'_ __ _ _(_)_ __  __ _ \ \ \ \
( ( )\___ | '_ | '_| | '_ \/ _` | \ \ \ \
 \\/  ___)| |_)| | | | | || (_| |  ) ) ) )
  '  |____| .__|_| |_|_| |_\__, | / / / /
 =========|_|==============|___/=/_/_/_/

 :: Spring Boot ::                (v4.0.3)

2026-05-18T20:02:26.481+02:00  INFO 18464 --- [           main] c.e.e.ExperienciasApplicationTests       : Starting ExperienciasApplicationTests using Java 21.0.8 with PID 18464 (started by Windows 11 in C:\Users\Windows 11\eclipse-workspace\Intermodular_fix_v2)
2026-05-18T20:02:26.484+02:00  INFO 18464 --- [           main] c.e.e.ExperienciasApplicationTests       : No active profile set, falling back to 1 default profile: "default"
2026-05-18T20:02:30.916+02:00  INFO 18464 --- [           main] c.e.e.ExperienciasApplicationTests       : Started ExperienciasApplicationTests in 5.159 seconds (process running for 8.089)
2026-05-18T20:02:30.935+02:00  INFO 18464 --- [   scheduling-1] com.zaxxer.hikari.HikariDataSource       : HikariPool-1 - Starting...
]]></system-out>
    <system-err><![CDATA[Mockito is currently self-attaching to enable the inline-mock-maker. This will no longer work in future releases of the JDK. Please add Mockito as an agent to your build as described in Mockito's documentation: https://javadoc.io/doc/org.mockito/mockito-core/latest/org.mockito/org/mockito/Mockito.html#0.3
WARNING: A Java agent has been loaded dynamically (C:\Users\Windows 11\.m2\repository\net\bytebuddy\byte-buddy-agent\1.17.8\byte-buddy-agent-1.17.8.jar)
WARNING: If a serviceability tool is in use, please run with -XX:+EnableDynamicAgentLoading to hide this warning
WARNING: If a serviceability tool is not in use, please run with -Djdk.instrument.traceUsage for more information
WARNING: Dynamic loading of agents will be disallowed by default in a future release
[Cleanup] Error al eliminar previews caducados: FATAL: la autentificaci�n password fall� para el usuario �user_bd�
]]></system-err>
  </testcase>
</testsuite>